log 10-10-2019  bla
erreur 10-11-2018  look
abc
log 10-12-2019  bla
erreur 10-11-2018  looka1
abc
log 10-12-2019  bla
erreur 10-11-2018  looknb
abcdef
log 14-10-2019  bla
erreur 10-11-2018  lookcc
abcdefgh
log 10-10-2019  bla
erreur 10-11-2018  look
abc
log 10-12-2019  bla
erreur 10-11-2018  looka2
abc
log 10-12-2019  bla
erreur 10-11-2018  looknb
abcdef
log 14-10-2019  bla
erreur 10-11-2018  lookcc
abcdefgh

log 10-10-2019  bla
erreur 10-11-2018  look
abc
log 10-12-2019  bla
erreur 10-11-2018  looka3
abc
log 10-12-2019  bla
erreur 10-11-2018  looknb
abcdef
log 14-10-2019  bla
erreur 10-11-2018  lookcc
abcdefgh

log 10-10-2019  bla
erreur 10-11-2018  look
abc
log 10-12-2019  bla
erreur 10-11-2018  looka4
abc
log 10-12-2019  bla
erreur 10-11-2018  looknb
abcdef
log 14-10-2019  bla
erreur 10-11-2018  lookcc
abcdefgh

log 10-10-2019  bla
erreur 10-11-2018  look
abc
log 10-12-2019  bla
erreur 10-11-2018  looka56
abc
log 10-12-2019  bla
erreur 10-11-2018  looknb
abcdef
log 14-10-2019  bla
erreur 10-11-2018  lookcc
abcdefghzz
